<<<<<<< HEAD
﻿Build started 16/03/2014 10:00:14 PM.
     1>Project "C:\Users\Simon Huynh\Desktop\472-symmetry\symmetric-bricks\symmetric-bricks.vcxproj" on node 2 (Build target(s)).
=======
﻿Build started 3/17/2014 12:14:46 AM.
     1>Project "D:\Concordia\Winter 2014\new\472-symmetry\symmetric-bricks\symmetric-bricks.vcxproj" on node 2 (Build target(s)).
>>>>>>> 6296ea26a60a7d8c1cae34f26d48d49d8a20f836
     1>ClCompile:
         C:\Program Files (x86)\Microsoft Visual Studio 11.0\VC\bin\CL.exe /c /ZI /nologo /W3 /WX- /Od /Oy- /D _MBCS /Gm /EHsc /RTC1 /MDd /GS /fp:precise /Zc:wchar_t /Zc:forScope /Fo"Debug\\" /Fd"Debug\vc110.pdb" /Gd /TP /analyze- /errorReport:prompt board.cpp main.cpp node.cpp
         main.cpp
         board.cpp
         Generating Code...
<<<<<<< HEAD
         Compiling...
         node.cpp
         Generating Code...
=======
         Skipping... (no relevant changes detected)
         node.cpp
>>>>>>> 6296ea26a60a7d8c1cae34f26d48d49d8a20f836
       Link:
         C:\Program Files (x86)\Microsoft Visual Studio 11.0\VC\bin\link.exe /ERRORREPORT:PROMPT /OUT:"D:\Concordia\Winter 2014\new\472-symmetry\Debug\symmetric-bricks.exe" /INCREMENTAL /NOLOGO kernel32.lib user32.lib gdi32.lib winspool.lib comdlg32.lib advapi32.lib shell32.lib ole32.lib oleaut32.lib uuid.lib odbc32.lib odbccp32.lib /MANIFEST /MANIFESTUAC:"level='asInvoker' uiAccess='false'" /manifest:embed /DEBUG /PDB:"D:\Concordia\Winter 2014\new\472-symmetry\Debug\symmetric-bricks.pdb" /TLBID:1 /DYNAMICBASE /NXCOMPAT /IMPLIB:"D:\Concordia\Winter 2014\new\472-symmetry\Debug\symmetric-bricks.lib" /MACHINE:X86 Debug\board.obj
         Debug\brick.obj
         Debug\main.obj
         Debug\node.obj
         symmetric-bricks.vcxproj -> D:\Concordia\Winter 2014\new\472-symmetry\Debug\symmetric-bricks.exe
     1>Done Building Project "D:\Concordia\Winter 2014\new\472-symmetry\symmetric-bricks\symmetric-bricks.vcxproj" (Build target(s)).

Build succeeded.

<<<<<<< HEAD
Time Elapsed 00:00:04.15
=======
Time Elapsed 00:00:01.40
>>>>>>> 6296ea26a60a7d8c1cae34f26d48d49d8a20f836
